{"/c/AdressBook/src/app.js": {"path":"/c/AdressBook/src/app.js","statementMap":{"0":{"start":{"line":3,"column":12},"end":{"line":3,"column":26}},"1":{"start":{"line":4,"column":14},"end":{"line":4,"column":34}},"2":{"start":{"line":8,"column":19},"end":{"line":8,"column":44}},"3":{"start":{"line":9,"column":15},"end":{"line":9,"column":34}},"4":{"start":{"line":10,"column":15},"end":{"line":10,"column":40}},"5":{"start":{"line":11,"column":17},"end":{"line":11,"column":38}},"6":{"start":{"line":14,"column":17},"end":{"line":16,"column":1}},"7":{"start":{"line":17,"column":12},"end":{"line":17,"column":21}},"8":{"start":{"line":18,"column":0},"end":{"line":18,"column":21}},"9":{"start":{"line":20,"column":0},"end":{"line":20,"column":52}},"10":{"start":{"line":21,"column":0},"end":{"line":21,"column":55}},"11":{"start":{"line":23,"column":0},"end":{"line":31,"column":1}},"12":{"start":{"line":24,"column":2},"end":{"line":24,"column":30}},"13":{"start":{"line":25,"column":2},"end":{"line":25,"column":33}},"14":{"start":{"line":26,"column":2},"end":{"line":26,"column":30}},"15":{"start":{"line":27,"column":2},"end":{"line":29,"column":4}},"16":{"start":{"line":28,"column":19},"end":{"line":28,"column":93}},"17":{"start":{"line":28,"column":57},"end":{"line":28,"column":92}},"18":{"start":{"line":30,"column":2},"end":{"line":30,"column":24}},"19":{"start":{"line":34,"column":0},"end":{"line":37,"column":1}},"20":{"start":{"line":35,"column":2},"end":{"line":35,"column":30}},"21":{"start":{"line":36,"column":2},"end":{"line":36,"column":25}},"22":{"start":{"line":39,"column":0},"end":{"line":43,"column":1}},"23":{"start":{"line":40,"column":2},"end":{"line":42,"column":35}},"24":{"start":{"line":41,"column":16},"end":{"line":41,"column":45}},"25":{"start":{"line":42,"column":18},"end":{"line":42,"column":34}},"26":{"start":{"line":45,"column":0},"end":{"line":45,"column":40}},"27":{"start":{"line":45,"column":29},"end":{"line":45,"column":39}},"28":{"start":{"line":46,"column":0},"end":{"line":46,"column":41}},"29":{"start":{"line":46,"column":30},"end":{"line":46,"column":40}},"30":{"start":{"line":48,"column":0},"end":{"line":48,"column":24}}},"fnMap":{"0":{"name":"(anonymous_0)","decl":{"start":{"line":23,"column":12},"end":{"line":23,"column":13}},"loc":{"start":{"line":23,"column":24},"end":{"line":31,"column":1}},"line":23},"1":{"name":"(anonymous_1)","decl":{"start":{"line":27,"column":38},"end":{"line":27,"column":39}},"loc":{"start":{"line":27,"column":59},"end":{"line":29,"column":3}},"line":27},"2":{"name":"(anonymous_2)","decl":{"start":{"line":28,"column":50},"end":{"line":28,"column":51}},"loc":{"start":{"line":28,"column":57},"end":{"line":28,"column":92}},"line":28},"3":{"name":"(anonymous_3)","decl":{"start":{"line":34,"column":11},"end":{"line":34,"column":12}},"loc":{"start":{"line":34,"column":17},"end":{"line":37,"column":1}},"line":34},"4":{"name":"(anonymous_4)","decl":{"start":{"line":41,"column":10},"end":{"line":41,"column":11}},"loc":{"start":{"line":41,"column":16},"end":{"line":41,"column":45}},"line":41},"5":{"name":"(anonymous_5)","decl":{"start":{"line":42,"column":11},"end":{"line":42,"column":12}},"loc":{"start":{"line":42,"column":18},"end":{"line":42,"column":34}},"line":42},"6":{"name":"(anonymous_6)","decl":{"start":{"line":45,"column":23},"end":{"line":45,"column":24}},"loc":{"start":{"line":45,"column":29},"end":{"line":45,"column":39}},"line":45},"7":{"name":"(anonymous_7)","decl":{"start":{"line":46,"column":24},"end":{"line":46,"column":25}},"loc":{"start":{"line":46,"column":30},"end":{"line":46,"column":40}},"line":46}},"branchMap":{"0":{"loc":{"start":{"line":28,"column":57},"end":{"line":28,"column":92}},"type":"cond-expr","locations":[{"start":{"line":28,"column":63},"end":{"line":28,"column":74}},{"start":{"line":28,"column":77},"end":{"line":28,"column":92}}],"line":28},"1":{"loc":{"start":{"line":39,"column":0},"end":{"line":43,"column":1}},"type":"if","locations":[{"start":{"line":39,"column":0},"end":{"line":43,"column":1}},{"start":{"line":39,"column":0},"end":{"line":43,"column":1}}],"line":39}},"s":{"0":1,"1":1,"2":1,"3":1,"4":1,"5":1,"6":1,"7":1,"8":1,"9":1,"10":1,"11":1,"12":1,"13":1,"14":1,"15":1,"16":1,"17":1,"18":1,"19":1,"20":1,"21":1,"22":1,"23":0,"24":0,"25":0,"26":1,"27":0,"28":1,"29":0,"30":1},"f":{"0":1,"1":1,"2":1,"3":1,"4":0,"5":0,"6":0,"7":0},"b":{"0":[0,1],"1":[0,1]},"_coverageSchema":"43e27e138ebf9cfc5966b082cf9a028302ed4184","hash":"703d97bc303fb2c7192b6dd8335d29996d55a927","contentHash":"abcfc88958a8ed309d87ac7b695f697e1023c0c6208deea5c6cb4f6980dd6764"}
,"/c/AdressBook/src/config/default.js": {"path":"/c/AdressBook/src/config/default.js","statementMap":{"0":{"start":{"line":3,"column":0},"end":{"line":39,"column":2}},"1":{"start":{"line":3,"column":25},"end":{"line":39,"column":1}}},"fnMap":{"0":{"name":"(anonymous_0)","decl":{"start":{"line":3,"column":17},"end":{"line":3,"column":18}},"loc":{"start":{"line":3,"column":25},"end":{"line":39,"column":1}},"line":3}},"branchMap":{"0":{"loc":{"start":{"line":6,"column":10},"end":{"line":6,"column":32}},"type":"binary-expr","locations":[{"start":{"line":6,"column":10},"end":{"line":6,"column":26}},{"start":{"line":6,"column":30},"end":{"line":6,"column":32}}],"line":6},"1":{"loc":{"start":{"line":9,"column":12},"end":{"line":10,"column":66}},"type":"binary-expr","locations":[{"start":{"line":9,"column":12},"end":{"line":9,"column":35}},{"start":{"line":10,"column":9},"end":{"line":10,"column":66}}],"line":9}},"s":{"0":1,"1":1},"f":{"0":1},"b":{"0":[1,1],"1":[1,1]},"_coverageSchema":"43e27e138ebf9cfc5966b082cf9a028302ed4184","hash":"9413694fc3d7da667f965ddac9aa0c39bfb9e6fa","contentHash":"f58e1fb1561182e9d3c68e82181e1af6141eeb2c17d4cc2b0491aa56e3aa7e01"}
,"/c/AdressBook/src/config/index.js": {"path":"/c/AdressBook/src/config/index.js","statementMap":{"0":{"start":{"line":3,"column":12},"end":{"line":3,"column":43}},"1":{"start":{"line":7,"column":0},"end":{"line":9,"column":1}},"2":{"start":{"line":8,"column":2},"end":{"line":8,"column":45}},"3":{"start":{"line":11,"column":10},"end":{"line":11,"column":26}},"4":{"start":{"line":14,"column":22},"end":{"line":14,"column":36}},"5":{"start":{"line":15,"column":18},"end":{"line":15,"column":40}},"6":{"start":{"line":16,"column":22},"end":{"line":16,"column":47}},"7":{"start":{"line":19,"column":21},"end":{"line":19,"column":63}},"8":{"start":{"line":21,"column":0},"end":{"line":21,"column":29}}},"fnMap":{},"branchMap":{"0":{"loc":{"start":{"line":3,"column":12},"end":{"line":3,"column":43}},"type":"binary-expr","locations":[{"start":{"line":3,"column":12},"end":{"line":3,"column":32}},{"start":{"line":3,"column":36},"end":{"line":3,"column":43}}],"line":3},"1":{"loc":{"start":{"line":7,"column":0},"end":{"line":9,"column":1}},"type":"if","locations":[{"start":{"line":7,"column":0},"end":{"line":9,"column":1}},{"start":{"line":7,"column":0},"end":{"line":9,"column":1}}],"line":7}},"s":{"0":1,"1":1,"2":0,"3":1,"4":1,"5":1,"6":1,"7":1,"8":1},"f":{},"b":{"0":[1,0],"1":[0,1]},"_coverageSchema":"43e27e138ebf9cfc5966b082cf9a028302ed4184","hash":"53cf07d1ced54167c5b4b04143335f5ae6b4b817","contentHash":"19c5118dd9358c4c5c439f05222d722521ef535b0a80996e0ce9b9f84aba41ef"}
,"/c/AdressBook/src/config/knexfile.js": {"path":"/c/AdressBook/src/config/knexfile.js","statementMap":{"0":{"start":{"line":3,"column":13},"end":{"line":3,"column":28}},"1":{"start":{"line":4,"column":15},"end":{"line":4,"column":33}},"2":{"start":{"line":6,"column":0},"end":{"line":20,"column":1}}},"fnMap":{},"branchMap":{"0":{"loc":{"start":{"line":8,"column":14},"end":{"line":8,"column":123}},"type":"cond-expr","locations":[{"start":{"line":8,"column":31},"end":{"line":8,"column":46}},{"start":{"line":8,"column":49},"end":{"line":8,"column":123}}],"line":8}},"s":{"0":1,"1":1,"2":1},"f":{},"b":{"0":[0,1]},"_coverageSchema":"43e27e138ebf9cfc5966b082cf9a028302ed4184","hash":"1ee719fa53958c072c2ffa62ebdce2f9355e9029","contentHash":"b0708bb1f56eff5425bd885c103ee063a1c4c571b060e204d4f80e4c38414b57"}
,"/c/AdressBook/src/config/env/test.js": {"path":"/c/AdressBook/src/config/env/test.js","statementMap":{"0":{"start":{"line":3,"column":0},"end":{"line":17,"column":1}}},"fnMap":{},"branchMap":{},"s":{"0":1},"f":{},"b":{},"_coverageSchema":"43e27e138ebf9cfc5966b082cf9a028302ed4184","hash":"94ddc6c9c14a6d3de3e0db8b5161ce93cec62412","contentHash":"f67edb9e048d483572ca36646796bb41020cbce2eeae7491b95a9c25dbe7a98f"}
,"/c/AdressBook/src/controllers/contacts.js": {"path":"/c/AdressBook/src/controllers/contacts.js","statementMap":{"0":{"start":{"line":3,"column":19},"end":{"line":3,"column":52}},"1":{"start":{"line":4,"column":18},"end":{"line":4,"column":43}},"2":{"start":{"line":5,"column":15},"end":{"line":5,"column":56}},"3":{"start":{"line":8,"column":18},"end":{"line":13,"column":3}},"4":{"start":{"line":14,"column":2},"end":{"line":14,"column":37}},"5":{"start":{"line":15,"column":2},"end":{"line":15,"column":70}},"6":{"start":{"line":16,"column":2},"end":{"line":16,"column":8}},"7":{"start":{"line":19,"column":0},"end":{"line":21,"column":1}}},"fnMap":{"0":{"name":"create","decl":{"start":{"line":7,"column":15},"end":{"line":7,"column":21}},"loc":{"start":{"line":7,"column":33},"end":{"line":17,"column":1}},"line":7}},"branchMap":{},"s":{"0":1,"1":1,"2":1,"3":0,"4":0,"5":0,"6":0,"7":1},"f":{"0":0},"b":{},"_coverageSchema":"43e27e138ebf9cfc5966b082cf9a028302ed4184","hash":"7ad9a4f9c0ff62690e773b36c55bc20c51d51b63","contentHash":"9821d91ab9c971c9bc5bbbd50eb33369227caec91cb86dd376d5a492c1905d99"}
,"/c/AdressBook/src/controllers/users.js": {"path":"/c/AdressBook/src/controllers/users.js","statementMap":{"0":{"start":{"line":3,"column":19},"end":{"line":3,"column":49}},"1":{"start":{"line":4,"column":18},"end":{"line":4,"column":43}},"2":{"start":{"line":5,"column":15},"end":{"line":5,"column":53}},"3":{"start":{"line":8,"column":2},"end":{"line":8,"column":46}},"4":{"start":{"line":9,"column":15},"end":{"line":12,"column":3}},"5":{"start":{"line":13,"column":2},"end":{"line":13,"column":41}},"6":{"start":{"line":14,"column":2},"end":{"line":14,"column":8}},"7":{"start":{"line":18,"column":2},"end":{"line":18,"column":46}},"8":{"start":{"line":19,"column":15},"end":{"line":22,"column":3}},"9":{"start":{"line":23,"column":2},"end":{"line":23,"column":44}},"10":{"start":{"line":24,"column":2},"end":{"line":24,"column":8}},"11":{"start":{"line":27,"column":0},"end":{"line":30,"column":1}}},"fnMap":{"0":{"name":"login","decl":{"start":{"line":7,"column":15},"end":{"line":7,"column":20}},"loc":{"start":{"line":7,"column":32},"end":{"line":15,"column":1}},"line":7},"1":{"name":"register","decl":{"start":{"line":17,"column":15},"end":{"line":17,"column":23}},"loc":{"start":{"line":17,"column":35},"end":{"line":25,"column":1}},"line":17}},"branchMap":{},"s":{"0":1,"1":1,"2":1,"3":2,"4":2,"5":2,"6":1,"7":4,"8":2,"9":2,"10":1,"11":1},"f":{"0":2,"1":4},"b":{},"_coverageSchema":"43e27e138ebf9cfc5966b082cf9a028302ed4184","hash":"1603b4f3e5bff5b7cae6c3dc17e553e3f1185e01","contentHash":"e7391a17509129c428dcae2e3a49e881dc51d1cd04b0de3525d688fb76d56b98"}
,"/c/AdressBook/src/database/index.js": {"path":"/c/AdressBook/src/database/index.js","statementMap":{"0":{"start":{"line":3,"column":18},"end":{"line":3,"column":38}},"1":{"start":{"line":4,"column":13},"end":{"line":4,"column":28}},"2":{"start":{"line":5,"column":17},"end":{"line":5,"column":42}},"3":{"start":{"line":6,"column":19},"end":{"line":6,"column":48}},"4":{"start":{"line":7,"column":15},"end":{"line":7,"column":37}},"5":{"start":{"line":9,"column":13},"end":{"line":9,"column":49}},"6":{"start":{"line":12,"column":15},"end":{"line":12,"column":31}},"7":{"start":{"line":13,"column":2},"end":{"line":13,"column":18}},"8":{"start":{"line":20,"column":2},"end":{"line":27,"column":4}},"9":{"start":{"line":32,"column":15},"end":{"line":32,"column":31}},"10":{"start":{"line":33,"column":2},"end":{"line":33,"column":51}},"11":{"start":{"line":37,"column":15},"end":{"line":37,"column":31}},"12":{"start":{"line":38,"column":2},"end":{"line":38,"column":23}},"13":{"start":{"line":42,"column":0},"end":{"line":47,"column":1}}},"fnMap":{"0":{"name":"connectUsersDB","decl":{"start":{"line":11,"column":15},"end":{"line":11,"column":29}},"loc":{"start":{"line":11,"column":32},"end":{"line":14,"column":1}},"line":11},"1":{"name":"connectContactsDB","decl":{"start":{"line":16,"column":9},"end":{"line":16,"column":26}},"loc":{"start":{"line":16,"column":29},"end":{"line":28,"column":1}},"line":16},"2":{"name":"truncateUsersDB","decl":{"start":{"line":31,"column":15},"end":{"line":31,"column":30}},"loc":{"start":{"line":31,"column":38},"end":{"line":34,"column":1}},"line":31},"3":{"name":"seedUsersDB","decl":{"start":{"line":36,"column":15},"end":{"line":36,"column":26}},"loc":{"start":{"line":36,"column":29},"end":{"line":39,"column":1}},"line":36}},"branchMap":{},"s":{"0":1,"1":1,"2":1,"3":1,"4":1,"5":1,"6":1,"7":1,"8":1,"9":1,"10":1,"11":1,"12":1,"13":1},"f":{"0":1,"1":1,"2":1,"3":1},"b":{},"_coverageSchema":"43e27e138ebf9cfc5966b082cf9a028302ed4184","hash":"6f62f1dac20e99f0e8d6b4498a9bd669a8f6f5cd","contentHash":"7b9a89706bdb3e632c0dd56b3723e255f68a7c0d7689e62f157bc52fb2b064fe"}
,"/c/AdressBook/src/database/postgres/models/user.js": {"path":"/c/AdressBook/src/database/postgres/models/user.js","statementMap":{"0":{"start":{"line":3,"column":18},"end":{"line":3,"column":38}},"1":{"start":{"line":7,"column":4},"end":{"line":7,"column":18}},"2":{"start":{"line":11,"column":0},"end":{"line":11,"column":21}}},"fnMap":{"0":{"name":"(anonymous_0)","decl":{"start":{"line":6,"column":2},"end":{"line":6,"column":3}},"loc":{"start":{"line":6,"column":25},"end":{"line":8,"column":3}},"line":6}},"branchMap":{},"s":{"0":1,"1":20,"2":1},"f":{"0":20},"b":{},"_coverageSchema":"43e27e138ebf9cfc5966b082cf9a028302ed4184","hash":"55e51d21ce99e63d6505b522cba00eff4e4f5cbc","contentHash":"dd72aaeef67d28d18343766fba9356803ffb0d6c4dd5c1687195fa29c5d976c0"}
,"/c/AdressBook/src/database/postgres/seeds/users.js": {"path":"/c/AdressBook/src/database/postgres/seeds/users.js","statementMap":{"0":{"start":{"line":2,"column":0},"end":{"line":10,"column":1}},"1":{"start":{"line":4,"column":2},"end":{"line":9,"column":9}},"2":{"start":{"line":7,"column":6},"end":{"line":9,"column":8}}},"fnMap":{"0":{"name":"(anonymous_0)","decl":{"start":{"line":2,"column":15},"end":{"line":2,"column":16}},"loc":{"start":{"line":2,"column":39},"end":{"line":10,"column":1}},"line":2},"1":{"name":"(anonymous_1)","decl":{"start":{"line":5,"column":10},"end":{"line":5,"column":11}},"loc":{"start":{"line":7,"column":6},"end":{"line":9,"column":8}},"line":7}},"branchMap":{},"s":{"0":1,"1":1,"2":1},"f":{"0":1,"1":1},"b":{},"_coverageSchema":"43e27e138ebf9cfc5966b082cf9a028302ed4184","hash":"9cd28f65fa48b04d4bf434d67a669576ce04cd29","contentHash":"04fab48574781391e72cb10007956578b135dc7ac789c6a4cf5421ac5d72ac8e"}
,"/c/AdressBook/src/middleware/authentication.js": {"path":"/c/AdressBook/src/middleware/authentication.js","statementMap":{"0":{"start":{"line":3,"column":21},"end":{"line":3,"column":46}},"1":{"start":{"line":4,"column":19},"end":{"line":4,"column":49}},"2":{"start":{"line":5,"column":15},"end":{"line":5,"column":57}},"3":{"start":{"line":6,"column":15},"end":{"line":6,"column":41}},"4":{"start":{"line":9,"column":2},"end":{"line":11,"column":3}},"5":{"start":{"line":10,"column":4},"end":{"line":10,"column":40}},"6":{"start":{"line":13,"column":16},"end":{"line":13,"column":54}},"7":{"start":{"line":15,"column":2},"end":{"line":15,"column":25}},"8":{"start":{"line":17,"column":15},"end":{"line":17,"column":57}},"9":{"start":{"line":19,"column":2},"end":{"line":21,"column":3}},"10":{"start":{"line":20,"column":4},"end":{"line":20,"column":47}},"11":{"start":{"line":22,"column":2},"end":{"line":22,"column":28}},"12":{"start":{"line":23,"column":2},"end":{"line":23,"column":15}},"13":{"start":{"line":26,"column":0},"end":{"line":28,"column":1}}},"fnMap":{"0":{"name":"authenticate","decl":{"start":{"line":8,"column":15},"end":{"line":8,"column":27}},"loc":{"start":{"line":8,"column":39},"end":{"line":24,"column":1}},"line":8}},"branchMap":{"0":{"loc":{"start":{"line":9,"column":2},"end":{"line":11,"column":3}},"type":"if","locations":[{"start":{"line":9,"column":2},"end":{"line":11,"column":3}},{"start":{"line":9,"column":2},"end":{"line":11,"column":3}}],"line":9},"1":{"loc":{"start":{"line":19,"column":2},"end":{"line":21,"column":3}},"type":"if","locations":[{"start":{"line":19,"column":2},"end":{"line":21,"column":3}},{"start":{"line":19,"column":2},"end":{"line":21,"column":3}}],"line":19},"2":{"loc":{"start":{"line":19,"column":6},"end":{"line":19,"column":39}},"type":"binary-expr","locations":[{"start":{"line":19,"column":6},"end":{"line":19,"column":18}},{"start":{"line":19,"column":22},"end":{"line":19,"column":39}}],"line":19}},"s":{"0":1,"1":1,"2":1,"3":1,"4":0,"5":0,"6":0,"7":0,"8":0,"9":0,"10":0,"11":0,"12":0,"13":1},"f":{"0":0},"b":{"0":[0,0],"1":[0,0],"2":[0,0]},"_coverageSchema":"43e27e138ebf9cfc5966b082cf9a028302ed4184","hash":"734a31d1db662d74b96204c700c0d963a11568d6","contentHash":"0fb9af9485b3fb5e56194e9a33037bce03725e062fb0d15a20e80359dc19a90f"}
,"/c/AdressBook/src/middleware/errors.js": {"path":"/c/AdressBook/src/middleware/errors.js","statementMap":{"0":{"start":{"line":3,"column":15},"end":{"line":3,"column":37}},"1":{"start":{"line":4,"column":18},"end":{"line":4,"column":46}},"2":{"start":{"line":5,"column":15},"end":{"line":5,"column":43}},"3":{"start":{"line":8,"column":2},"end":{"line":24,"column":3}},"4":{"start":{"line":9,"column":4},"end":{"line":9,"column":23}},"5":{"start":{"line":11,"column":24},"end":{"line":11,"column":27}},"6":{"start":{"line":12,"column":4},"end":{"line":14,"column":5}},"7":{"start":{"line":13,"column":6},"end":{"line":13,"column":54}},"8":{"start":{"line":15,"column":4},"end":{"line":15,"column":38}},"9":{"start":{"line":16,"column":26},"end":{"line":16,"column":79}},"10":{"start":{"line":17,"column":4},"end":{"line":17,"column":37}},"11":{"start":{"line":18,"column":4},"end":{"line":22,"column":5}},"12":{"start":{"line":23,"column":4},"end":{"line":23,"column":15}},"13":{"start":{"line":27,"column":0},"end":{"line":29,"column":1}}},"fnMap":{"0":{"name":"handleErrors","decl":{"start":{"line":7,"column":15},"end":{"line":7,"column":27}},"loc":{"start":{"line":7,"column":39},"end":{"line":25,"column":1}},"line":7}},"branchMap":{"0":{"loc":{"start":{"line":12,"column":4},"end":{"line":14,"column":5}},"type":"if","locations":[{"start":{"line":12,"column":4},"end":{"line":14,"column":5}},{"start":{"line":12,"column":4},"end":{"line":14,"column":5}}],"line":12},"1":{"loc":{"start":{"line":21,"column":13},"end":{"line":21,"column":49}},"type":"binary-expr","locations":[{"start":{"line":21,"column":13},"end":{"line":21,"column":26}},{"start":{"line":21,"column":30},"end":{"line":21,"column":49}}],"line":21}},"s":{"0":1,"1":1,"2":1,"3":6,"4":6,"5":4,"6":4,"7":0,"8":4,"9":4,"10":4,"11":4,"12":4,"13":1},"f":{"0":6},"b":{"0":[0,4],"1":[4,4]},"_coverageSchema":"43e27e138ebf9cfc5966b082cf9a028302ed4184","hash":"eb01704466b8ef79d2df93e8894ebd98a3b96a94","contentHash":"cb4ad81ce9a21e5ec12b5977d516cb5670c2eb16ec00ab627226fe62dd594d8d"}
,"/c/AdressBook/src/operations/contacts.js": {"path":"/c/AdressBook/src/operations/contacts.js","statementMap":{"0":{"start":{"line":3,"column":27},"end":{"line":3,"column":64}},"1":{"start":{"line":4,"column":15},"end":{"line":4,"column":43}},"2":{"start":{"line":5,"column":15},"end":{"line":5,"column":43}},"3":{"start":{"line":8,"column":18},"end":{"line":13,"column":3}},"4":{"start":{"line":14,"column":18},"end":{"line":14,"column":64}},"5":{"start":{"line":16,"column":2},"end":{"line":16,"column":16}},"6":{"start":{"line":19,"column":0},"end":{"line":21,"column":1}}},"fnMap":{"0":{"name":"create","decl":{"start":{"line":7,"column":15},"end":{"line":7,"column":21}},"loc":{"start":{"line":7,"column":35},"end":{"line":17,"column":1}},"line":7}},"branchMap":{},"s":{"0":1,"1":1,"2":1,"3":0,"4":0,"5":0,"6":1},"f":{"0":0},"b":{},"_coverageSchema":"43e27e138ebf9cfc5966b082cf9a028302ed4184","hash":"41b77bc9950eb24af2ae4b79a86a1236c95fbf16","contentHash":"58a175565c10b85d6e87d0ebea2c41dabc351cfed54d2729891b3b304bad8ebe"}
,"/c/AdressBook/src/operations/users.js": {"path":"/c/AdressBook/src/operations/users.js","statementMap":{"0":{"start":{"line":3,"column":23},"end":{"line":3,"column":57}},"1":{"start":{"line":4,"column":15},"end":{"line":4,"column":43}},"2":{"start":{"line":5,"column":15},"end":{"line":5,"column":43}},"3":{"start":{"line":6,"column":15},"end":{"line":6,"column":43}},"4":{"start":{"line":9,"column":15},"end":{"line":9,"column":74}},"5":{"start":{"line":10,"column":2},"end":{"line":12,"column":3}},"6":{"start":{"line":11,"column":4},"end":{"line":11,"column":59}},"7":{"start":{"line":13,"column":19},"end":{"line":13,"column":79}},"8":{"start":{"line":14,"column":2},"end":{"line":16,"column":3}},"9":{"start":{"line":15,"column":4},"end":{"line":15,"column":40}},"10":{"start":{"line":17,"column":22},"end":{"line":17,"column":63}},"11":{"start":{"line":18,"column":2},"end":{"line":22,"column":3}},"12":{"start":{"line":26,"column":13},"end":{"line":26,"column":72}},"13":{"start":{"line":27,"column":2},"end":{"line":29,"column":3}},"14":{"start":{"line":28,"column":4},"end":{"line":28,"column":55}},"15":{"start":{"line":30,"column":2},"end":{"line":33,"column":3}},"16":{"start":{"line":34,"column":22},"end":{"line":34,"column":55}},"17":{"start":{"line":35,"column":2},"end":{"line":35,"column":76}},"18":{"start":{"line":36,"column":2},"end":{"line":36,"column":29}},"19":{"start":{"line":37,"column":2},"end":{"line":37,"column":20}},"20":{"start":{"line":41,"column":2},"end":{"line":41,"column":52}},"21":{"start":{"line":46,"column":2},"end":{"line":50,"column":3}},"22":{"start":{"line":47,"column":4},"end":{"line":47,"column":63}},"23":{"start":{"line":49,"column":4},"end":{"line":49,"column":40}},"24":{"start":{"line":51,"column":14},"end":{"line":51,"column":24}},"25":{"start":{"line":52,"column":2},"end":{"line":54,"column":3}},"26":{"start":{"line":53,"column":4},"end":{"line":53,"column":40}},"27":{"start":{"line":55,"column":17},"end":{"line":55,"column":42}},"28":{"start":{"line":56,"column":15},"end":{"line":56,"column":52}},"29":{"start":{"line":57,"column":2},"end":{"line":59,"column":3}},"30":{"start":{"line":58,"column":4},"end":{"line":58,"column":40}},"31":{"start":{"line":60,"column":2},"end":{"line":60,"column":39}},"32":{"start":{"line":61,"column":2},"end":{"line":64,"column":3}},"33":{"start":{"line":67,"column":0},"end":{"line":71,"column":1}}},"fnMap":{"0":{"name":"login","decl":{"start":{"line":8,"column":15},"end":{"line":8,"column":20}},"loc":{"start":{"line":8,"column":28},"end":{"line":23,"column":1}},"line":8},"1":{"name":"register","decl":{"start":{"line":25,"column":15},"end":{"line":25,"column":23}},"loc":{"start":{"line":25,"column":31},"end":{"line":38,"column":1}},"line":25},"2":{"name":"verifyTokenPayload","decl":{"start":{"line":40,"column":15},"end":{"line":40,"column":33}},"loc":{"start":{"line":40,"column":41},"end":{"line":65,"column":1}},"line":40}},"branchMap":{"0":{"loc":{"start":{"line":10,"column":2},"end":{"line":12,"column":3}},"type":"if","locations":[{"start":{"line":10,"column":2},"end":{"line":12,"column":3}},{"start":{"line":10,"column":2},"end":{"line":12,"column":3}}],"line":10},"1":{"loc":{"start":{"line":14,"column":2},"end":{"line":16,"column":3}},"type":"if","locations":[{"start":{"line":14,"column":2},"end":{"line":16,"column":3}},{"start":{"line":14,"column":2},"end":{"line":16,"column":3}}],"line":14},"2":{"loc":{"start":{"line":14,"column":6},"end":{"line":14,"column":32}},"type":"binary-expr","locations":[{"start":{"line":14,"column":6},"end":{"line":14,"column":15}},{"start":{"line":14,"column":19},"end":{"line":14,"column":32}}],"line":14},"3":{"loc":{"start":{"line":27,"column":2},"end":{"line":29,"column":3}},"type":"if","locations":[{"start":{"line":27,"column":2},"end":{"line":29,"column":3}},{"start":{"line":27,"column":2},"end":{"line":29,"column":3}}],"line":27},"4":{"loc":{"start":{"line":52,"column":2},"end":{"line":54,"column":3}},"type":"if","locations":[{"start":{"line":52,"column":2},"end":{"line":54,"column":3}},{"start":{"line":52,"column":2},"end":{"line":54,"column":3}}],"line":52},"5":{"loc":{"start":{"line":52,"column":6},"end":{"line":52,"column":68}},"type":"binary-expr","locations":[{"start":{"line":52,"column":6},"end":{"line":52,"column":17}},{"start":{"line":52,"column":21},"end":{"line":52,"column":36}},{"start":{"line":52,"column":40},"end":{"line":52,"column":68}}],"line":52},"6":{"loc":{"start":{"line":57,"column":2},"end":{"line":59,"column":3}},"type":"if","locations":[{"start":{"line":57,"column":2},"end":{"line":59,"column":3}},{"start":{"line":57,"column":2},"end":{"line":59,"column":3}}],"line":57}},"s":{"0":1,"1":1,"2":1,"3":1,"4":2,"5":2,"6":0,"7":2,"8":2,"9":1,"10":1,"11":1,"12":2,"13":2,"14":1,"15":1,"16":1,"17":1,"18":1,"19":1,"20":0,"21":0,"22":0,"23":0,"24":0,"25":0,"26":0,"27":0,"28":0,"29":0,"30":0,"31":0,"32":0,"33":1},"f":{"0":2,"1":2,"2":0},"b":{"0":[0,2],"1":[1,1],"2":[2,1],"3":[1,1],"4":[0,0],"5":[0,0,0],"6":[0,0]},"_coverageSchema":"43e27e138ebf9cfc5966b082cf9a028302ed4184","hash":"76b4283d092d63402f5a68c6db2e11635f8a2ac0","contentHash":"5f4edc7d4933197e6be536fdad369f121aca6ef49584a6e2b97bdfc162c5cae5"}
,"/c/AdressBook/src/repositories/contacts.js": {"path":"/c/AdressBook/src/repositories/contacts.js","statementMap":{"0":{"start":{"line":3,"column":17},"end":{"line":3,"column":42}},"1":{"start":{"line":6,"column":13},"end":{"line":6,"column":33}},"2":{"start":{"line":8,"column":17},"end":{"line":13,"column":4}},"3":{"start":{"line":14,"column":2},"end":{"line":14,"column":18}},"4":{"start":{"line":24,"column":0},"end":{"line":26,"column":1}}},"fnMap":{"0":{"name":"create","decl":{"start":{"line":5,"column":15},"end":{"line":5,"column":21}},"loc":{"start":{"line":5,"column":35},"end":{"line":21,"column":1}},"line":5}},"branchMap":{},"s":{"0":1,"1":0,"2":0,"3":0,"4":1},"f":{"0":0},"b":{},"_coverageSchema":"43e27e138ebf9cfc5966b082cf9a028302ed4184","hash":"9867ecf05748d6fffeefebc87cc8b89cd8855510","contentHash":"051e98b0cbb02f7c201308d81e070ec3a604f7991bc242a374112855f46189ad"}
,"/c/AdressBook/src/repositories/users.js": {"path":"/c/AdressBook/src/repositories/users.js","statementMap":{"0":{"start":{"line":3,"column":13},"end":{"line":3,"column":56}},"1":{"start":{"line":6,"column":15},"end":{"line":6,"column":55}},"2":{"start":{"line":7,"column":2},"end":{"line":7,"column":13}},"3":{"start":{"line":11,"column":15},"end":{"line":11,"column":63}},"4":{"start":{"line":12,"column":2},"end":{"line":12,"column":13}},"5":{"start":{"line":16,"column":15},"end":{"line":16,"column":57}},"6":{"start":{"line":17,"column":2},"end":{"line":17,"column":13}},"7":{"start":{"line":20,"column":0},"end":{"line":24,"column":1}}},"fnMap":{"0":{"name":"create","decl":{"start":{"line":5,"column":15},"end":{"line":5,"column":21}},"loc":{"start":{"line":5,"column":29},"end":{"line":8,"column":1}},"line":5},"1":{"name":"findByEmail","decl":{"start":{"line":10,"column":15},"end":{"line":10,"column":26}},"loc":{"start":{"line":10,"column":34},"end":{"line":13,"column":1}},"line":10},"2":{"name":"findById","decl":{"start":{"line":15,"column":15},"end":{"line":15,"column":23}},"loc":{"start":{"line":15,"column":28},"end":{"line":18,"column":1}},"line":15}},"branchMap":{},"s":{"0":1,"1":1,"2":1,"3":4,"4":4,"5":0,"6":0,"7":1},"f":{"0":1,"1":4,"2":0},"b":{},"_coverageSchema":"43e27e138ebf9cfc5966b082cf9a028302ed4184","hash":"599f0d5e9083495bf65a64eb8120710bd7751bec","contentHash":"c8767d9e919df1ca8a20980927b95159f3b57864f5376471d61fe82d5a0817cc"}
,"/c/AdressBook/src/routes/contacts.js": {"path":"/c/AdressBook/src/routes/contacts.js","statementMap":{"0":{"start":{"line":3,"column":15},"end":{"line":3,"column":38}},"1":{"start":{"line":4,"column":17},"end":{"line":4,"column":56}},"2":{"start":{"line":5,"column":25},"end":{"line":5,"column":58}},"3":{"start":{"line":6,"column":25},"end":{"line":6,"column":66}},"4":{"start":{"line":8,"column":0},"end":{"line":8,"column":24}},"5":{"start":{"line":10,"column":0},"end":{"line":10,"column":55}},"6":{"start":{"line":12,"column":0},"end":{"line":12,"column":32}}},"fnMap":{},"branchMap":{},"s":{"0":1,"1":1,"2":1,"3":1,"4":1,"5":1,"6":1},"f":{},"b":{},"_coverageSchema":"43e27e138ebf9cfc5966b082cf9a028302ed4184","hash":"45a1028e8db3e7198f2c158e5c9ab2851fd4a519","contentHash":"039c1ece1567f84405b1df0a1cffbf93d44ea689c1a0378587fca21b59039f2a"}
,"/c/AdressBook/src/routes/users.js": {"path":"/c/AdressBook/src/routes/users.js","statementMap":{"0":{"start":{"line":3,"column":15},"end":{"line":3,"column":38}},"1":{"start":{"line":4,"column":14},"end":{"line":4,"column":50}},"2":{"start":{"line":5,"column":25},"end":{"line":5,"column":58}},"3":{"start":{"line":7,"column":0},"end":{"line":7,"column":24}},"4":{"start":{"line":9,"column":0},"end":{"line":9,"column":41}},"5":{"start":{"line":10,"column":0},"end":{"line":10,"column":37}},"6":{"start":{"line":12,"column":0},"end":{"line":12,"column":32}}},"fnMap":{},"branchMap":{},"s":{"0":1,"1":1,"2":1,"3":1,"4":1,"5":1,"6":1},"f":{},"b":{},"_coverageSchema":"43e27e138ebf9cfc5966b082cf9a028302ed4184","hash":"1eecb8f17fbbec21ee5e5f037623f0f67940d761","contentHash":"a0094e5e1442a4c44c97722446ce8b2825b8ef6573cf15d19c3891ff44e27d94"}
,"/c/AdressBook/src/utils/crypto.js": {"path":"/c/AdressBook/src/utils/crypto.js","statementMap":{"0":{"start":{"line":3,"column":13},"end":{"line":3,"column":28}},"1":{"start":{"line":4,"column":15},"end":{"line":4,"column":32}},"2":{"start":{"line":5,"column":15},"end":{"line":5,"column":32}},"3":{"start":{"line":6,"column":12},"end":{"line":6,"column":35}},"4":{"start":{"line":7,"column":15},"end":{"line":7,"column":37}},"5":{"start":{"line":9,"column":16},"end":{"line":9,"column":40}},"6":{"start":{"line":10,"column":18},"end":{"line":10,"column":44}},"7":{"start":{"line":12,"column":0},"end":{"line":39,"column":1}},"8":{"start":{"line":14,"column":20},"end":{"line":14,"column":30}},"9":{"start":{"line":15,"column":4},"end":{"line":15,"column":74}},"10":{"start":{"line":19,"column":4},"end":{"line":29,"column":5}},"11":{"start":{"line":20,"column":6},"end":{"line":20,"column":80}},"12":{"start":{"line":22,"column":6},"end":{"line":27,"column":7}},"13":{"start":{"line":26,"column":8},"end":{"line":26,"column":19}},"14":{"start":{"line":28,"column":6},"end":{"line":28,"column":15}},"15":{"start":{"line":33,"column":4},"end":{"line":33,"column":67}},"16":{"start":{"line":37,"column":4},"end":{"line":37,"column":59}},"17":{"start":{"line":48,"column":2},"end":{"line":51,"column":18}}},"fnMap":{"0":{"name":"(anonymous_0)","decl":{"start":{"line":13,"column":2},"end":{"line":13,"column":3}},"loc":{"start":{"line":13,"column":30},"end":{"line":16,"column":3}},"line":13},"1":{"name":"(anonymous_1)","decl":{"start":{"line":18,"column":2},"end":{"line":18,"column":3}},"loc":{"start":{"line":18,"column":31},"end":{"line":30,"column":3}},"line":18},"2":{"name":"(anonymous_2)","decl":{"start":{"line":32,"column":2},"end":{"line":32,"column":3}},"loc":{"start":{"line":32,"column":25},"end":{"line":34,"column":3}},"line":32},"3":{"name":"(anonymous_3)","decl":{"start":{"line":36,"column":2},"end":{"line":36,"column":3}},"loc":{"start":{"line":36,"column":42},"end":{"line":38,"column":3}},"line":36},"4":{"name":"pepperify","decl":{"start":{"line":47,"column":9},"end":{"line":47,"column":18}},"loc":{"start":{"line":47,"column":27},"end":{"line":52,"column":1}},"line":47}},"branchMap":{"0":{"loc":{"start":{"line":22,"column":6},"end":{"line":27,"column":7}},"type":"if","locations":[{"start":{"line":22,"column":6},"end":{"line":27,"column":7}},{"start":{"line":22,"column":6},"end":{"line":27,"column":7}}],"line":22},"1":{"loc":{"start":{"line":23,"column":8},"end":{"line":24,"column":37}},"type":"binary-expr","locations":[{"start":{"line":23,"column":8},"end":{"line":23,"column":44}},{"start":{"line":24,"column":11},"end":{"line":24,"column":37}}],"line":23}},"s":{"0":1,"1":1,"2":1,"3":1,"4":1,"5":1,"6":1,"7":1,"8":2,"9":2,"10":1,"11":1,"12":0,"13":0,"14":0,"15":1,"16":2,"17":3},"f":{"0":2,"1":1,"2":1,"3":2,"4":3},"b":{"0":[0,0],"1":[0,0]},"_coverageSchema":"43e27e138ebf9cfc5966b082cf9a028302ed4184","hash":"b07f38cd23d674c9d5c2cbe73ff90c8933a1b408","contentHash":"c6e4edb384d76736cf7162e0754d6642c1d2ceb42136ed39f47dcd9a755b3796"}
,"/c/AdressBook/src/utils/errors.js": {"path":"/c/AdressBook/src/utils/errors.js","statementMap":{"0":{"start":{"line":10,"column":4},"end":{"line":10,"column":32}},"1":{"start":{"line":11,"column":4},"end":{"line":11,"column":37}},"2":{"start":{"line":12,"column":4},"end":{"line":12,"column":24}},"3":{"start":{"line":13,"column":4},"end":{"line":13,"column":20}},"4":{"start":{"line":14,"column":4},"end":{"line":14,"column":51}},"5":{"start":{"line":20,"column":4},"end":{"line":20,"column":71}},"6":{"start":{"line":21,"column":4},"end":{"line":21,"column":35}},"7":{"start":{"line":27,"column":4},"end":{"line":27,"column":44}},"8":{"start":{"line":28,"column":4},"end":{"line":28,"column":25}},"9":{"start":{"line":34,"column":4},"end":{"line":34,"column":47}},"10":{"start":{"line":35,"column":4},"end":{"line":35,"column":25}},"11":{"start":{"line":41,"column":4},"end":{"line":41,"column":75}},"12":{"start":{"line":42,"column":4},"end":{"line":42,"column":35}},"13":{"start":{"line":48,"column":4},"end":{"line":48,"column":47}},"14":{"start":{"line":49,"column":4},"end":{"line":49,"column":25}},"15":{"start":{"line":53,"column":0},"end":{"line":60,"column":1}}},"fnMap":{"0":{"name":"(anonymous_0)","decl":{"start":{"line":9,"column":2},"end":{"line":9,"column":3}},"loc":{"start":{"line":9,"column":37},"end":{"line":15,"column":3}},"line":9},"1":{"name":"(anonymous_1)","decl":{"start":{"line":19,"column":2},"end":{"line":19,"column":3}},"loc":{"start":{"line":19,"column":31},"end":{"line":22,"column":3}},"line":19},"2":{"name":"(anonymous_2)","decl":{"start":{"line":26,"column":2},"end":{"line":26,"column":3}},"loc":{"start":{"line":26,"column":21},"end":{"line":29,"column":3}},"line":26},"3":{"name":"(anonymous_3)","decl":{"start":{"line":33,"column":2},"end":{"line":33,"column":3}},"loc":{"start":{"line":33,"column":21},"end":{"line":36,"column":3}},"line":33},"4":{"name":"(anonymous_4)","decl":{"start":{"line":40,"column":2},"end":{"line":40,"column":3}},"loc":{"start":{"line":40,"column":31},"end":{"line":43,"column":3}},"line":40},"5":{"name":"(anonymous_5)","decl":{"start":{"line":47,"column":2},"end":{"line":47,"column":3}},"loc":{"start":{"line":47,"column":21},"end":{"line":50,"column":3}},"line":47}},"branchMap":{},"s":{"0":4,"1":4,"2":4,"3":4,"4":4,"5":0,"6":0,"7":2,"8":2,"9":1,"10":1,"11":1,"12":1,"13":0,"14":0,"15":1},"f":{"0":4,"1":0,"2":2,"3":1,"4":1,"5":0},"b":{},"_coverageSchema":"43e27e138ebf9cfc5966b082cf9a028302ed4184","hash":"b530c39b5faea2a2bc7c8121a4a64d3a0e6e4f75","contentHash":"122c7afa32063eccac87e598d6f062ad4711b7412135080f72ce893c2f2a3319"}
,"/c/AdressBook/src/utils/logger.js": {"path":"/c/AdressBook/src/utils/logger.js","statementMap":{"0":{"start":{"line":3,"column":13},"end":{"line":3,"column":28}},"1":{"start":{"line":4,"column":12},"end":{"line":4,"column":41}},"2":{"start":{"line":5,"column":15},"end":{"line":5,"column":35}},"3":{"start":{"line":16,"column":0},"end":{"line":20,"column":2}}},"fnMap":{},"branchMap":{},"s":{"0":1,"1":1,"2":1,"3":1},"f":{},"b":{},"_coverageSchema":"43e27e138ebf9cfc5966b082cf9a028302ed4184","hash":"db1ad7a62171dc2a1ee08c58bcb9d1a60afd7571","contentHash":"66bf7b65e3255641b0a56b336128241769d15a548e2a6cfd5842e1bcab8108b3"}
,"/c/AdressBook/src/validations/index.js": {"path":"/c/AdressBook/src/validations/index.js","statementMap":{"0":{"start":{"line":3,"column":12},"end":{"line":3,"column":26}},"1":{"start":{"line":4,"column":15},"end":{"line":4,"column":43}},"2":{"start":{"line":7,"column":20},"end":{"line":7,"column":46}},"3":{"start":{"line":8,"column":2},"end":{"line":10,"column":3}},"4":{"start":{"line":9,"column":4},"end":{"line":9,"column":43}},"5":{"start":{"line":13,"column":0},"end":{"line":15,"column":1}}},"fnMap":{"0":{"name":"validate","decl":{"start":{"line":6,"column":9},"end":{"line":6,"column":17}},"loc":{"start":{"line":6,"column":32},"end":{"line":11,"column":1}},"line":6}},"branchMap":{"0":{"loc":{"start":{"line":8,"column":2},"end":{"line":10,"column":3}},"type":"if","locations":[{"start":{"line":8,"column":2},"end":{"line":10,"column":3}},{"start":{"line":8,"column":2},"end":{"line":10,"column":3}}],"line":8}},"s":{"0":1,"1":1,"2":6,"3":6,"4":2,"5":1},"f":{"0":6},"b":{"0":[2,4]},"_coverageSchema":"43e27e138ebf9cfc5966b082cf9a028302ed4184","hash":"847d4a6d3f04f1c87dc3a7f89ccb3f4a12db807c","contentHash":"b241b5bf0b778d7fa5f6d94c69bf0cb2c681e98e82323bf74e33161bc8ddd962"}
,"/c/AdressBook/src/validations/schemas/contact.js": {"path":"/c/AdressBook/src/validations/schemas/contact.js","statementMap":{"0":{"start":{"line":3,"column":12},"end":{"line":3,"column":26}},"1":{"start":{"line":5,"column":0},"end":{"line":10,"column":2}}},"fnMap":{},"branchMap":{},"s":{"0":1,"1":1},"f":{},"b":{},"_coverageSchema":"43e27e138ebf9cfc5966b082cf9a028302ed4184","hash":"ca92c0a7f40d544b4af683c436777190bef08bae","contentHash":"6d6b2f0c9c3a577fdbec83a7feadab405bc98e6ca2336a7e1822ed38710c7ea2"}
,"/c/AdressBook/src/validations/schemas/jwtToken.js": {"path":"/c/AdressBook/src/validations/schemas/jwtToken.js","statementMap":{"0":{"start":{"line":3,"column":12},"end":{"line":3,"column":26}},"1":{"start":{"line":6,"column":0},"end":{"line":8,"column":2}}},"fnMap":{},"branchMap":{},"s":{"0":1,"1":1},"f":{},"b":{},"_coverageSchema":"43e27e138ebf9cfc5966b082cf9a028302ed4184","hash":"3bc71d18d047524ac8e82978a9797e55850f3831","contentHash":"01701b11c83a56f54d4c384a22802ea3733361888180eb7ae4b4109eb174652a"}
,"/c/AdressBook/src/validations/schemas/user.js": {"path":"/c/AdressBook/src/validations/schemas/user.js","statementMap":{"0":{"start":{"line":3,"column":12},"end":{"line":3,"column":26}},"1":{"start":{"line":5,"column":0},"end":{"line":9,"column":38}}},"fnMap":{},"branchMap":{},"s":{"0":1,"1":1},"f":{},"b":{},"_coverageSchema":"43e27e138ebf9cfc5966b082cf9a028302ed4184","hash":"9ac3ecb24dd8b4f0916c82637775236ba0c81504","contentHash":"089ca9df98b290576abf622528c27cfed729daeebd4e4ba62c5c9f5f0feb2fd9"}
,"/c/AdressBook/tests/contacts.js": {"path":"/c/AdressBook/tests/contacts.js","statementMap":{},"fnMap":{},"branchMap":{},"s":{},"f":{},"b":{},"_coverageSchema":"43e27e138ebf9cfc5966b082cf9a028302ed4184","hash":"6c791b7a53db1dad8d2200ac05392b54f4a1297d","contentHash":"27be3cccc9cdece5bdc264dce23a33c5a5d980b36ab976646b9a6e3406831bfa"}
,"/c/AdressBook/tests/users.js": {"path":"/c/AdressBook/tests/users.js","statementMap":{"0":{"start":{"line":7,"column":13},"end":{"line":7,"column":28}},"1":{"start":{"line":8,"column":17},"end":{"line":8,"column":37}},"2":{"start":{"line":9,"column":12},"end":{"line":9,"column":39}},"3":{"start":{"line":10,"column":41},"end":{"line":10,"column":75}},"4":{"start":{"line":11,"column":15},"end":{"line":11,"column":47}},"5":{"start":{"line":13,"column":19},"end":{"line":13,"column":23}},"6":{"start":{"line":17,"column":0},"end":{"line":17,"column":18}},"7":{"start":{"line":19,"column":0},"end":{"line":92,"column":2}},"8":{"start":{"line":20,"column":2},"end":{"line":24,"column":4}},"9":{"start":{"line":21,"column":4},"end":{"line":21,"column":34}},"10":{"start":{"line":22,"column":4},"end":{"line":22,"column":23}},"11":{"start":{"line":23,"column":4},"end":{"line":23,"column":30}},"12":{"start":{"line":25,"column":2},"end":{"line":64,"column":4}},"13":{"start":{"line":26,"column":4},"end":{"line":38,"column":6}},"14":{"start":{"line":27,"column":23},"end":{"line":32,"column":10}},"15":{"start":{"line":33,"column":6},"end":{"line":33,"column":42}},"16":{"start":{"line":34,"column":6},"end":{"line":34,"column":33}},"17":{"start":{"line":35,"column":6},"end":{"line":35,"column":59}},"18":{"start":{"line":36,"column":6},"end":{"line":36,"column":50}},"19":{"start":{"line":37,"column":6},"end":{"line":37,"column":53}},"20":{"start":{"line":39,"column":4},"end":{"line":47,"column":6}},"21":{"start":{"line":40,"column":23},"end":{"line":45,"column":10}},"22":{"start":{"line":46,"column":6},"end":{"line":46,"column":42}},"23":{"start":{"line":48,"column":4},"end":{"line":55,"column":6}},"24":{"start":{"line":49,"column":23},"end":{"line":53,"column":10}},"25":{"start":{"line":54,"column":6},"end":{"line":54,"column":42}},"26":{"start":{"line":56,"column":4},"end":{"line":63,"column":6}},"27":{"start":{"line":57,"column":23},"end":{"line":61,"column":10}},"28":{"start":{"line":62,"column":6},"end":{"line":62,"column":42}},"29":{"start":{"line":65,"column":2},"end":{"line":88,"column":4}},"30":{"start":{"line":66,"column":4},"end":{"line":78,"column":6}},"31":{"start":{"line":67,"column":23},"end":{"line":72,"column":10}},"32":{"start":{"line":73,"column":6},"end":{"line":73,"column":42}},"33":{"start":{"line":74,"column":6},"end":{"line":74,"column":33}},"34":{"start":{"line":75,"column":6},"end":{"line":75,"column":59}},"35":{"start":{"line":76,"column":25},"end":{"line":76,"column":82}},"36":{"start":{"line":77,"column":6},"end":{"line":77,"column":91}},"37":{"start":{"line":79,"column":4},"end":{"line":87,"column":6}},"38":{"start":{"line":80,"column":23},"end":{"line":85,"column":10}},"39":{"start":{"line":86,"column":6},"end":{"line":86,"column":42}},"40":{"start":{"line":89,"column":2},"end":{"line":91,"column":4}},"41":{"start":{"line":90,"column":4},"end":{"line":90,"column":20}}},"fnMap":{"0":{"name":"(anonymous_0)","decl":{"start":{"line":19,"column":26},"end":{"line":19,"column":27}},"loc":{"start":{"line":19,"column":32},"end":{"line":92,"column":1}},"line":19},"1":{"name":"(anonymous_1)","decl":{"start":{"line":20,"column":9},"end":{"line":20,"column":10}},"loc":{"start":{"line":20,"column":21},"end":{"line":24,"column":3}},"line":20},"2":{"name":"(anonymous_2)","decl":{"start":{"line":25,"column":30},"end":{"line":25,"column":31}},"loc":{"start":{"line":25,"column":36},"end":{"line":64,"column":3}},"line":25},"3":{"name":"(anonymous_3)","decl":{"start":{"line":26,"column":47},"end":{"line":26,"column":48}},"loc":{"start":{"line":26,"column":59},"end":{"line":38,"column":5}},"line":26},"4":{"name":"(anonymous_4)","decl":{"start":{"line":39,"column":59},"end":{"line":39,"column":60}},"loc":{"start":{"line":39,"column":71},"end":{"line":47,"column":5}},"line":39},"5":{"name":"(anonymous_5)","decl":{"start":{"line":48,"column":77},"end":{"line":48,"column":78}},"loc":{"start":{"line":48,"column":89},"end":{"line":55,"column":5}},"line":48},"6":{"name":"(anonymous_6)","decl":{"start":{"line":56,"column":80},"end":{"line":56,"column":81}},"loc":{"start":{"line":56,"column":92},"end":{"line":63,"column":5}},"line":56},"7":{"name":"(anonymous_7)","decl":{"start":{"line":65,"column":37},"end":{"line":65,"column":38}},"loc":{"start":{"line":65,"column":43},"end":{"line":88,"column":3}},"line":65},"8":{"name":"(anonymous_8)","decl":{"start":{"line":66,"column":78},"end":{"line":66,"column":79}},"loc":{"start":{"line":66,"column":90},"end":{"line":78,"column":5}},"line":66},"9":{"name":"(anonymous_9)","decl":{"start":{"line":79,"column":69},"end":{"line":79,"column":70}},"loc":{"start":{"line":79,"column":81},"end":{"line":87,"column":5}},"line":79},"10":{"name":"(anonymous_10)","decl":{"start":{"line":89,"column":8},"end":{"line":89,"column":9}},"loc":{"start":{"line":89,"column":20},"end":{"line":91,"column":3}},"line":89}},"branchMap":{"0":{"loc":{"start":{"line":77,"column":13},"end":{"line":77,"column":79}},"type":"binary-expr","locations":[{"start":{"line":77,"column":13},"end":{"line":77,"column":23}},{"start":{"line":77,"column":27},"end":{"line":77,"column":41}},{"start":{"line":77,"column":45},"end":{"line":77,"column":79}}],"line":77}},"s":{"0":1,"1":1,"2":1,"3":1,"4":1,"5":1,"6":1,"7":1,"8":1,"9":1,"10":1,"11":1,"12":1,"13":1,"14":1,"15":1,"16":1,"17":1,"18":1,"19":1,"20":1,"21":1,"22":1,"23":1,"24":1,"25":1,"26":1,"27":1,"28":1,"29":1,"30":1,"31":1,"32":1,"33":1,"34":1,"35":1,"36":1,"37":1,"38":1,"39":1,"40":1,"41":1},"f":{"0":1,"1":1,"2":1,"3":1,"4":1,"5":1,"6":1,"7":1,"8":1,"9":1,"10":1},"b":{"0":[1,1,1]},"_coverageSchema":"43e27e138ebf9cfc5966b082cf9a028302ed4184","hash":"2c43d99bd79083d4c1da0ea37fd6f54d633a46fe","contentHash":"a6f59dc237e6fde910d9a80e55c9b30f048aab860581286679053a9bcfb0e95f"}
}
